<?xml version="1.0" encoding="UTF-8"?>
<testsuites name="jest tests" tests="2" failures="0" errors="0" time="0.373">
  <testsuite name="add function" errors="0" failures="0" skipped="0" timestamp="2023-11-28T05:44:47" time="0.295" tests="2">
    <testcase classname="add function adds two numbers correctly" name="add function adds two numbers correctly" time="0.002">
    </testcase>
    <testcase classname="add function adds two negative numbers correctly" name="add function adds two negative numbers correctly" time="0">
    </testcase>
  </testsuite>
</testsuites>