<?xml version="1.0" encoding="UTF-8"?>
<testsuites name="jest tests" tests="2" failures="1" errors="0" time="179.43">
  <testsuite name="Circuit Breaker Test" errors="0" failures="1" skipped="1" timestamp="2023-11-30T10:44:26" time="179.345" tests="2">
    <testcase classname="Circuit Breaker Test Circuit opens after multiple failed requests" name="Circuit Breaker Test Circuit opens after multiple failed requests" time="0">
      <skipped/>
    </testcase>
    <testcase classname="Circuit Breaker Test Circuit closes after successful request" name="Circuit Breaker Test Circuit closes after successful request" time="178.842">
      <failure>Error: expect(received).toBe(expected) // Object.is equality

Expected: &quot;hello&quot;
Received: undefined
    at /Users/arpitadlakha/QuizizzProjects/temp/service-communication-wrapper/tests/http/CircuitBreaker.test.ts:71:27
    at Generator.next (&lt;anonymous&gt;)
    at fulfilled (/Users/arpitadlakha/QuizizzProjects/temp/service-communication-wrapper/tests/http/CircuitBreaker.test.ts:5:58)</failure>
    </testcase>
  </testsuite>
</testsuites>